2025-08-24 00:52:00,469 - WARNING - Neither CUDA nor MPS are available - defaulting to CPU. Note: This module is much faster with a GPU.
2025-08-24 00:52:40,958 - INFO - [EMERGENCY] police - Free Pass
2025-08-24 00:52:41,238 - INFO - [EMERGENCY] police - Free Pass
2025-08-24 00:52:42,339 - INFO - [EMERGENCY] police - Free Pass
2025-08-24 00:52:43,894 - INFO - [EMERGENCY] police - Free Pass
2025-08-24 00:52:44,159 - INFO - [EMERGENCY] police - Free Pass
2025-08-24 00:52:44,706 - INFO - [TOLL] car | Plate: UNKNOWN | Fee: \u20b950
2025-08-24 00:52:44,725 - INFO - [TOLL] car | Plate: UNKNOWN | Fee: \u20b950
2025-08-24 00:52:45,288 - INFO - [TOLL] car | Plate: UNKNOWN | Fee: \u20b950
2025-08-24 00:52:45,306 - INFO - [TOLL] car | Plate: UNKNOWN | Fee: \u20b950
2025-08-24 00:52:45,966 - INFO - [TOLL] car | Plate: Acuv | Fee: \u20b950
2025-08-24 00:52:45,983 - INFO - [TOLL] car | Plate: UNKNOWN | Fee: \u20b950
2025-08-24 00:52:46,009 - INFO - [TOLL] car | Plate: UNKNOWN | Fee: \u20b950
2025-08-24 00:52:46,602 - INFO - [TOLL] car | Plate: Homo | Fee: \u20b950
2025-08-24 00:52:46,703 - INFO - [TOLL] car | Plate: Agiviy | Fee: \u20b950
2025-08-24 00:52:46,720 - INFO - [TOLL] car | Plate: UNKNOWN | Fee: \u20b950
2025-08-24 00:52:46,814 - INFO - [TOLL] car | Plate: Nollilaatlong | Fee: \u20b950
2025-08-24 00:52:46,835 - INFO - [TOLL] car | Plate: UNKNOWN | Fee: \u20b950
2025-08-24 00:52:46,859 - INFO - [TOLL] car | Plate: UNKNOWN | Fee: \u20b950
2025-08-24 00:52:46,879 - INFO - [TOLL] car | Plate: UNKNOWN | Fee: \u20b950
2025-08-24 00:52:47,508 - INFO - [TOLL] car | Plate: Acuvit} | Fee: \u20b950
2025-08-24 00:52:47,609 - INFO - [TOLL] car | Plate: Home | Fee: \u20b950
2025-08-24 00:52:47,717 - INFO - [TOLL] car | Plate: Notlilcations | Fee: \u20b950
2025-08-24 00:52:47,883 - INFO - [TOLL] car | Plate: Aseaftd+ ] | Fee: \u20b950
2025-08-24 00:52:48,045 - INFO - [TOLL] car | Plate: Neear/ J | Fee: \u20b950
2025-08-24 00:52:48,071 - INFO - [TOLL] car | Plate: UNKNOWN | Fee: \u20b950
2025-08-24 00:52:48,090 - INFO - [TOLL] car | Plate: UNKNOWN | Fee: \u20b950
2025-08-24 00:52:48,108 - INFO - [TOLL] car | Plate: UNKNOWN | Fee: \u20b950
2025-08-24 00:52:48,751 - INFO - [TOLL] car | Plate: 06640762 | | Fee: \u20b950
2025-08-24 00:52:48,773 - INFO - [TOLL] car | Plate: UNKNOWN | Fee: \u20b950
2025-08-24 00:52:48,871 - INFO - [TOLL] car | Plate: Notilicatlons | Fee: \u20b950
2025-08-24 00:52:48,946 - INFO - [TOLL] car | Plate: 070 | Fee: \u20b950
2025-08-24 00:52:49,007 - INFO - [TOLL] car | Plate: Acum | Fee: \u20b950
2025-08-24 00:52:49,024 - INFO - [TOLL] car | Plate: UNKNOWN | Fee: \u20b950
2025-08-24 00:52:49,621 - INFO - [TOLL] car | Plate: Homa | Fee: \u20b950
2025-08-24 00:52:49,773 - INFO - [TOLL] car | Plate: 06bar/s24 | Fee: \u20b950
2025-08-24 00:52:49,791 - INFO - [TOLL] car | Plate: UNKNOWN | Fee: \u20b950
2025-08-24 00:52:49,964 - INFO - [TOLL] car | Plate: Nollnaatlone | Fee: \u20b950
2025-08-24 00:52:49,982 - INFO - [TOLL] car | Plate: UNKNOWN | Fee: \u20b950
2025-08-24 00:52:50,002 - INFO - [TOLL] car | Plate: UNKNOWN | Fee: \u20b950
2025-08-24 00:52:50,563 - INFO - [TOLL] car | Plate: UNKNOWN | Fee: \u20b950
2025-08-24 00:52:50,584 - INFO - [TOLL] car | Plate: UNKNOWN | Fee: \u20b950
2025-08-24 00:52:50,603 - INFO - [TOLL] car | Plate: UNKNOWN | Fee: \u20b950
2025-08-24 00:52:50,622 - INFO - [TOLL] car | Plate: UNKNOWN | Fee: \u20b950
2025-08-24 00:52:50,683 - INFO - [TOLL] car | Plate: Nobi | Fee: \u20b950
2025-08-24 00:52:51,359 - INFO - [TOLL] car | Plate: 06e4pt6- | | Fee: \u20b950
2025-08-24 00:52:51,377 - INFO - [TOLL] car | Plate: UNKNOWN | Fee: \u20b950
2025-08-24 00:52:51,399 - INFO - [TOLL] car | Plate: UNKNOWN | Fee: \u20b950
2025-08-24 00:52:51,511 - INFO - [TOLL] car | Plate: Acotly | Fee: \u20b950
2025-08-24 00:52:52,158 - INFO - [TOLL] car | Plate: 0624? | Fee: \u20b950
2025-08-24 00:52:52,179 - INFO - [TOLL] car | Plate: UNKNOWN | Fee: \u20b950
2025-08-24 00:52:52,198 - INFO - [TOLL] car | Plate: UNKNOWN | Fee: \u20b950
2025-08-24 00:52:52,258 - INFO - [TOLL] car | Plate: Fom | Fee: \u20b950
2025-08-24 00:52:52,314 - INFO - [TOLL] car | Plate: ations | Fee: \u20b950
2025-08-24 00:52:52,333 - INFO - [TOLL] car | Plate: UNKNOWN | Fee: \u20b950
2025-08-24 00:52:52,352 - INFO - [TOLL] car | Plate: UNKNOWN | Fee: \u20b950
2025-08-24 00:52:52,979 - INFO - [TOLL] car | Plate: UNKNOWN | Fee: \u20b950
2025-08-24 00:52:52,997 - INFO - [TOLL] car | Plate: UNKNOWN | Fee: \u20b950
2025-08-24 00:52:53,016 - INFO - [TOLL] car | Plate: UNKNOWN | Fee: \u20b950
2025-08-24 00:52:53,036 - INFO - [TOLL] car | Plate: UNKNOWN | Fee: \u20b950
2025-08-24 00:52:53,757 - INFO - [TOLL] car | Plate: 4664p7511 | Fee: \u20b950
2025-08-24 00:52:53,777 - INFO - [TOLL] car | Plate: UNKNOWN | Fee: \u20b950
2025-08-24 00:52:53,870 - INFO - [TOLL] car | Plate: Noulantlons | Fee: \u20b950
2025-08-24 00:52:54,511 - INFO - [TOLL] car | Plate: act | Fee: \u20b950
2025-08-24 00:52:54,646 - INFO - [TOLL] car | Plate: neeap752 | Fee: \u20b950
2025-08-24 00:52:54,665 - INFO - [TOLL] car | Plate: UNKNOWN | Fee: \u20b950
2025-08-24 00:52:54,731 - INFO - [TOLL] car | Plate: ome | Fee: \u20b950
2025-08-24 00:52:54,832 - INFO - [TOLL] car | Plate: Noulications | Fee: \u20b950
2025-08-24 00:52:55,470 - INFO - [TOLL] car | Plate: 066AP752 | Fee: \u20b950
2025-08-24 00:52:55,494 - INFO - [TOLL] car | Plate: UNKNOWN | Fee: \u20b950
2025-08-24 00:52:55,588 - INFO - [TOLL] car | Plate: Notfications | Fee: \u20b950
2025-08-24 00:52:55,665 - INFO - [TOLL] car | Plate: Achuty | Fee: \u20b950
2025-08-24 00:52:55,747 - INFO - [TOLL] car | Plate: Jome | Fee: \u20b950
2025-08-24 00:52:56,502 - INFO - [TOLL] car | Plate: 066ap7524 | Fee: \u20b950
2025-08-24 00:52:56,579 - INFO - [TOLL] car | Plate: Activity | Fee: \u20b950
2025-08-24 00:52:56,682 - INFO - [TOLL] car | Plate: Notllicatlons | Fee: \u20b950
2025-08-24 00:52:57,324 - INFO - [TOLL] car | Plate: Tn66ap7521 | Fee: \u20b950
2025-08-24 00:52:57,388 - INFO - [TOLL] car | Plate: Actvty | Fee: \u20b950
2025-08-24 00:52:57,476 - INFO - [TOLL] car | Plate: Notlfications | Fee: \u20b950
2025-08-24 00:52:57,558 - INFO - [TOLL] car | Plate: eatch | Fee: \u20b950
2025-08-24 00:52:58,174 - INFO - [TOLL] car | Plate: Acuvity | Fee: \u20b950
2025-08-24 00:52:58,272 - INFO - [TOLL] car | Plate: Tn66ap7521 | Fee: \u20b950
2025-08-24 00:52:58,345 - INFO - [TOLL] car | Plate: Soarch | Fee: \u20b950
2025-08-24 00:52:58,435 - INFO - [TOLL] car | Plate: Notifcations | Fee: \u20b950
2025-08-24 00:52:59,087 - INFO - [TOLL] car | Plate: Tn66ap75z1 | Fee: \u20b950
2025-08-24 00:52:59,161 - INFO - [TOLL] car | Plate: Search | Fee: \u20b950
2025-08-24 00:52:59,873 - INFO - [TOLL] car | Plate: TM66AP7524 | Fee: \u20b950
2025-08-24 00:52:59,952 - INFO - [TOLL] car | Plate: Acuvt | Fee: \u20b950
2025-08-24 00:53:00,018 - INFO - [TOLL] car | Plate: Search | Fee: \u20b950
2025-08-24 00:53:00,671 - INFO - [TOLL] car | Plate: T466ap7521 | Fee: \u20b950
2025-08-24 00:53:00,736 - INFO - [TOLL] car | Plate: Home | Fee: \u20b950
2025-08-24 00:53:00,866 - INFO - [TOLL] car | Plate: Acutty | Fee: \u20b950
2025-08-24 00:53:00,970 - INFO - [TOLL] car | Plate: Notifcations | Fee: \u20b950
2025-08-24 00:53:00,989 - INFO - [TOLL] car | Plate: UNKNOWN | Fee: \u20b950
2025-08-24 00:53:01,701 - INFO - [TOLL] car | Plate: 1466AP7521 | Fee: \u20b950
2025-08-24 00:53:01,776 - INFO - [TOLL] car | Plate: Search | Fee: \u20b950
2025-08-24 00:53:01,874 - INFO - [TOLL] car | Plate: Notilications | Fee: \u20b950
2025-08-24 00:53:01,937 - INFO - [TOLL] car | Plate: Actvty | Fee: \u20b950
2025-08-24 00:53:02,583 - INFO - [TOLL] car | Plate: 4466 P7524 | Fee: \u20b950
2025-08-24 00:53:02,646 - INFO - [TOLL] car | Plate: Acuvity | Fee: \u20b950
2025-08-24 00:53:02,751 - INFO - [TOLL] car | Plate: Notlficatlons | Fee: \u20b950
2025-08-24 00:53:03,402 - INFO - [TOLL] car | Plate: Taggap75zi | Fee: \u20b950
2025-08-24 00:53:03,474 - INFO - [TOLL] car | Plate: Senrch | Fee: \u20b950
2025-08-24 00:53:03,572 - INFO - [TOLL] car | Plate: Notifications | Fee: \u20b950
2025-08-24 00:53:03,653 - INFO - [TOLL] car | Plate: Actvity | Fee: \u20b950
2025-08-24 00:53:04,312 - INFO - [TOLL] car | Plate: T4G64P7521 | Fee: \u20b950
2025-08-24 00:53:04,413 - INFO - [TOLL] car | Plate: Notifications | Fee: \u20b950
2025-08-24 00:53:04,490 - INFO - [TOLL] car | Plate: Home | Fee: \u20b950
2025-08-24 00:53:04,564 - INFO - [TOLL] car | Plate: Sourch | Fee: \u20b950
2025-08-24 00:53:05,193 - INFO - [TOLL] car | Plate: [4664P7524 | Fee: \u20b950
2025-08-24 00:53:05,282 - INFO - [TOLL] car | Plate: Notificatlons | Fee: \u20b950
2025-08-24 00:53:05,357 - INFO - [TOLL] car | Plate: Sonrch | Fee: \u20b950
2025-08-24 00:53:05,420 - INFO - [TOLL] car | Plate: Actvi | Fee: \u20b950
2025-08-24 00:53:05,481 - INFO - [TOLL] car | Plate: Home | Fee: \u20b950
2025-08-24 00:53:06,145 - INFO - [TOLL] car | Plate: I46GAP7521 | Fee: \u20b950
2025-08-24 00:53:06,221 - INFO - [TOLL] car | Plate: Seurch | Fee: \u20b950
2025-08-24 00:53:06,326 - INFO - [TOLL] car | Plate: Notifications | Fee: \u20b950
2025-08-24 00:53:06,384 - INFO - [TOLL] car | Plate: Home | Fee: \u20b950
2025-08-24 00:55:06,769 - INFO - [TOLL] car | Plate: UNKNOWN | Fee: \u20b950
2025-08-24 00:55:07,338 - INFO - [EMERGENCY] ambulance - Free Pass
2025-08-24 00:55:07,635 - INFO - [EMERGENCY] ambulance - Free Pass
2025-08-24 00:55:07,933 - INFO - [EMERGENCY] ambulance - Free Pass
2025-08-24 00:55:08,565 - INFO - [TOLL] car | Plate: HR26EG8855 | Fee: \u20b950
2025-08-24 00:55:09,207 - INFO - [TOLL] car | Plate: 'HR26E68855 | Fee: \u20b950
2025-08-24 00:55:09,875 - INFO - [TOLL] car | Plate: HR?61G0ASS | Fee: \u20b950
2025-08-24 00:55:10,586 - INFO - [TOLL] car | Plate: HR?6F60058 | Fee: \u20b950
2025-08-24 00:55:11,302 - INFO - [TOLL] car | Plate: Mr  w | Fee: \u20b950
2025-08-24 00:55:11,963 - INFO - [TOLL] car | Plate: HR26EG8855 | Fee: \u20b950
2025-08-24 00:55:12,671 - INFO - [TOLL] car | Plate: "4r26eg5353 | Fee: \u20b950
2025-08-24 00:55:13,316 - INFO - [TOLL] car | Plate: 'HR26E68855 | Fee: \u20b950
2025-08-24 00:55:13,970 - INFO - [TOLL] car | Plate: HR?GFG8855 | Fee: \u20b950
2025-08-24 00:55:14,657 - INFO - [TOLL] car | Plate: Gw | Fee: \u20b950
2025-08-24 00:55:15,285 - INFO - [TOLL] car | Plate: HR26EG8855 | Fee: \u20b950
2025-08-24 00:55:15,882 - INFO - [TOLL] car | Plate: UNKNOWN | Fee: \u20b950
2025-08-24 01:38:48,048 - INFO - [EMERGENCY] ambulance - Free Pass
2025-08-24 01:38:48,090 - INFO - [EMERGENCY] ambulance - Free Pass
2025-08-24 01:38:48,136 - INFO - [EMERGENCY] ambulance - Free Pass
2025-08-24 01:38:50,745 - INFO - [TOLL] car | Plate: UNKNOWN | Fee: \u20b950
2025-08-24 01:38:51,054 - INFO - [EMERGENCY] ambulance - Free Pass
2025-08-24 01:38:51,095 - INFO - [EMERGENCY] ambulance - Free Pass
2025-08-24 01:38:51,145 - INFO - [EMERGENCY] ambulance - Free Pass
2025-08-24 01:38:51,266 - INFO - [EMERGENCY] police - Free Pass
2025-08-24 01:38:51,551 - INFO - [EMERGENCY] ambulance - Free Pass
2025-08-24 01:38:51,589 - INFO - [EMERGENCY] ambulance - Free Pass
2025-08-24 01:38:51,636 - INFO - [EMERGENCY] ambulance - Free Pass
2025-08-24 01:38:51,815 - INFO - [TOLL] car | Plate: 6n | Fee: \u20b950
2025-08-24 01:38:51,855 - INFO - [EMERGENCY] ambulance - Free Pass
2025-08-24 01:38:52,114 - INFO - [TOLL] car | Plate: UNKNOWN | Fee: \u20b950
2025-08-24 01:38:52,176 - INFO - [TOLL] car | Plate: UNKNOWN | Fee: \u20b950
2025-08-24 01:38:52,302 - INFO - [TOLL] car | Plate: Hr2geg8855 | Fee: \u20b950
2025-08-24 01:38:52,387 - INFO - [TOLL] car | Plate: Hr2geg8855 | Fee: \u20b950
2025-08-24 01:38:52,536 - INFO - [TOLL] car | Plate: Lb | Fee: \u20b950
2025-08-24 01:38:52,638 - INFO - [TOLL] car | Plate: MA '6688S6 | Fee: \u20b950
2025-08-24 01:38:52,725 - INFO - [TOLL] car | Plate: Mwmummy | Fee: \u20b950
2025-08-24 01:38:52,725 - INFO - [EMERGENCY] ambulance - Free Pass
2025-08-24 01:38:52,816 - INFO - [TOLL] car | Plate: Mwmummy | Fee: \u20b950
2025-08-24 01:38:52,816 - INFO - [EMERGENCY] ambulance - Free Pass
2025-08-24 01:38:52,851 - INFO - [EMERGENCY] ambulance - Free Pass
2025-08-24 01:38:52,878 - INFO - [TOLL] car | Plate: UNKNOWN | Fee: \u20b950
2025-08-24 01:38:52,944 - INFO - [TOLL] car | Plate: HR2GEg8855 | Fee: \u20b950
2025-08-24 01:38:52,990 - INFO - [EMERGENCY] ambulance - Free Pass
2025-08-24 01:38:53,018 - INFO - [TOLL] car | Plate: UNKNOWN | Fee: \u20b950
2025-08-24 01:38:53,054 - INFO - [EMERGENCY] ambulance - Free Pass
2025-08-24 01:38:53,080 - INFO - [TOLL] car | Plate: UNKNOWN | Fee: \u20b950
2025-08-24 01:38:53,113 - INFO - [EMERGENCY] ambulance - Free Pass
2025-08-24 01:38:53,160 - INFO - [EMERGENCY] ambulance - Free Pass
2025-08-24 01:38:53,241 - INFO - [TOLL] car | Plate: HR26EG8855 | Fee: \u20b950
2025-08-24 01:38:53,319 - INFO - [TOLL] car | Plate: HR26EG8855 | Fee: \u20b950
2025-08-24 01:38:53,396 - INFO - [TOLL] car | Plate: HR26EG8855 | Fee: \u20b950
2025-08-24 01:38:53,475 - INFO - [TOLL] car | Plate: HR26EG8855 | Fee: \u20b950
2025-08-24 01:38:53,554 - INFO - [TOLL] car | Plate: HR26EG8855 | Fee: \u20b950
2025-08-24 01:38:53,630 - INFO - [TOLL] car | Plate: HR26EG8855 | Fee: \u20b950
2025-08-24 01:38:53,729 - INFO - [TOLL] car | Plate: z6egsS55 | Fee: \u20b950
2025-08-24 01:38:53,813 - INFO - [TOLL] car | Plate: Ja | Fee: \u20b950
2025-08-24 01:38:53,860 - INFO - [EMERGENCY] ambulance - Free Pass
2025-08-24 01:38:53,967 - INFO - [EMERGENCY] ambulance - Free Pass
2025-08-24 01:38:54,013 - INFO - [EMERGENCY] ambulance - Free Pass
2025-08-24 01:38:54,104 - INFO - [TOLL] car | Plate: 4ssss | Fee: \u20b950
2025-08-24 01:38:54,186 - INFO - [TOLL] car | Plate: 4ssss | Fee: \u20b950
2025-08-24 01:38:54,267 - INFO - [TOLL] car | Plate: HR26Eg8855 | Fee: \u20b950
2025-08-24 01:38:54,357 - INFO - [TOLL] car | Plate: MN, 666nnSs | Fee: \u20b950
2025-08-24 01:38:54,424 - INFO - [TOLL] car | Plate: HR?GE60855 | Fee: \u20b950
2025-08-24 01:38:54,504 - INFO - [TOLL] car | Plate: MKZ6T600'5 | Fee: \u20b950
2025-08-24 01:38:54,596 - INFO - [TOLL] car | Plate: HR26068855 | Fee: \u20b950
2025-08-24 01:38:54,675 - INFO - [TOLL] car | Plate: HR26068855 | Fee: \u20b950
2025-08-24 01:38:54,754 - INFO - [TOLL] car | Plate: HR26Eg8855 | Fee: \u20b950
2025-08-24 01:38:54,833 - INFO - [TOLL] car | Plate: HR26Eg8855 | Fee: \u20b950
2025-08-24 01:38:54,911 - INFO - [TOLL] car | Plate: HR?6EG8855 | Fee: \u20b950
2025-08-24 01:38:54,988 - INFO - [TOLL] car | Plate: HR?6EG8855 | Fee: \u20b950
2025-08-24 01:38:55,069 - INFO - [TOLL] car | Plate: MRZ6e68855 | Fee: \u20b950
2025-08-24 01:38:55,141 - INFO - [TOLL] car | Plate: HR26FG8855 | Fee: \u20b950
2025-08-24 01:38:55,219 - INFO - [TOLL] car | Plate: HR2GEg8855 | Fee: \u20b950
2025-08-24 01:38:55,299 - INFO - [TOLL] car | Plate: HR26EG8855 | Fee: \u20b950
2025-08-24 01:38:55,339 - INFO - [TOLL] van | Plate: HR26EG8855 | Fee: \u20b950
2025-08-24 01:38:55,422 - INFO - [TOLL] car | Plate: HR26E68855 | Fee: \u20b950
2025-08-24 01:38:55,459 - INFO - [TOLL] van | Plate: HR26E68855 | Fee: \u20b950
2025-08-24 01:38:55,531 - INFO - [TOLL] van | Plate: HR26FG8855 | Fee: \u20b950
2025-08-24 01:38:55,611 - INFO - [TOLL] van | Plate: HR26FG8855 | Fee: \u20b950
2025-08-24 01:38:55,687 - INFO - [TOLL] van | Plate: HR26E68855 | Fee: \u20b950
2025-08-24 01:38:55,725 - INFO - [TOLL] car | Plate: HR26E68855 | Fee: \u20b950
2025-08-24 01:38:55,808 - INFO - [TOLL] car | Plate: 37201gee5; | Fee: \u20b950
2025-08-24 01:38:55,808 - INFO - [EMERGENCY] ambulance - Free Pass
2025-08-24 01:38:55,902 - INFO - [TOLL] car | Plate: 37201gee5; | Fee: \u20b950
2025-08-24 01:38:55,902 - INFO - [EMERGENCY] ambulance - Free Pass
2025-08-24 01:38:55,994 - INFO - [TOLL] car | Plate: 4r2seg3855 | Fee: \u20b950
2025-08-24 01:38:56,076 - INFO - [TOLL] car | Plate: UNKNOWN | Fee: \u20b950
2025-08-24 01:38:56,120 - INFO - [EMERGENCY] ambulance - Free Pass
2025-08-24 01:38:56,162 - INFO - [TOLL] car | Plate: W; | Fee: \u20b950
2025-08-24 01:38:56,235 - INFO - [TOLL] car | Plate: HR2GFG8855 | Fee: \u20b950
2025-08-24 01:38:56,322 - INFO - [TOLL] car | Plate: Hizgegrrs' | Fee: \u20b950
2025-08-24 01:38:56,397 - INFO - [TOLL] car | Plate: Hizgegrrs' | Fee: \u20b950
2025-08-24 01:38:56,470 - INFO - [TOLL] car | Plate: HR2GE6085' | Fee: \u20b950
2025-08-24 01:38:56,545 - INFO - [TOLL] car | Plate: HR26Eg8855 | Fee: \u20b950
2025-08-24 01:38:56,621 - INFO - [TOLL] car | Plate: HR26EG8855 | Fee: \u20b950
2025-08-24 01:38:56,707 - INFO - [TOLL] car | Plate: HR26Eg8855 | Fee: \u20b950
2025-08-24 01:38:56,777 - INFO - [TOLL] car | Plate: HR26Eg8855 | Fee: \u20b950
2025-08-24 01:38:56,855 - INFO - [TOLL] car | Plate: HR26Eg8855 | Fee: \u20b950
2025-08-24 01:38:56,940 - INFO - [TOLL] car | Plate: We | Fee: \u20b950
2025-08-24 01:38:57,010 - INFO - [TOLL] car | Plate: Hr26eg8855 | Fee: \u20b950
2025-08-24 01:38:57,088 - INFO - [TOLL] car | Plate: Hr26eg8855 | Fee: \u20b950
2025-08-24 01:38:57,163 - INFO - [TOLL] car | Plate: HR26EG8855 | Fee: \u20b950
2025-08-24 01:38:57,254 - INFO - [TOLL] car | Plate: Nnase6sSs` | Fee: \u20b950
2025-08-24 01:38:57,335 - INFO - [TOLL] car | Plate: HR26E68855 | Fee: \u20b950
2025-08-24 01:38:57,412 - INFO - [TOLL] car | Plate: Hr26eg8855 | Fee: \u20b950
2025-08-24 01:38:57,495 - INFO - [TOLL] car | Plate: Hr26eg8855 | Fee: \u20b950
2025-08-24 01:38:57,582 - INFO - [TOLL] car | Plate: 3n | Fee: \u20b950
2025-08-24 01:38:57,662 - INFO - [TOLL] car | Plate: HR26E68855 | Fee: \u20b950
2025-08-24 01:38:57,740 - INFO - [TOLL] car | Plate: HR26EG8855 | Fee: \u20b950
2025-08-24 01:38:57,818 - INFO - [TOLL] car | Plate: HR2GFG8855 | Fee: \u20b950
2025-08-24 01:38:57,854 - INFO - [TOLL] van | Plate: HR26EG8855 | Fee: \u20b950
2025-08-24 01:38:57,932 - INFO - [TOLL] car | Plate: HR26E60855 | Fee: \u20b950
2025-08-24 01:38:58,018 - INFO - [TOLL] car | Plate: Mr,igvhy' | Fee: \u20b950
2025-08-24 01:38:58,101 - INFO - [TOLL] car | Plate: HR26eg8855 | Fee: \u20b950
2025-08-24 01:38:58,175 - INFO - [EMERGENCY] ambulance - Free Pass
2025-08-24 01:38:58,221 - INFO - [EMERGENCY] ambulance - Free Pass
2025-08-24 01:38:58,254 - INFO - [EMERGENCY] ambulance - Free Pass
2025-08-24 01:38:58,300 - INFO - [EMERGENCY] ambulance - Free Pass
2025-08-24 01:38:58,346 - INFO - [EMERGENCY] ambulance - Free Pass
2025-08-24 01:38:58,378 - INFO - [EMERGENCY] ambulance - Free Pass
2025-08-24 01:38:58,473 - INFO - [TOLL] car | Plate: WLgga | Fee: \u20b950
2025-08-24 01:38:58,473 - INFO - [EMERGENCY] ambulance - Free Pass
2025-08-24 01:38:58,559 - INFO - [TOLL] car | Plate: HR2GE 68855 | Fee: \u20b950
2025-08-24 01:38:58,635 - INFO - [TOLL] car | Plate: HR26EG8855 | Fee: \u20b950
2025-08-24 01:38:58,706 - INFO - [TOLL] car | Plate: HR26EG8855 | Fee: \u20b950
2025-08-24 01:38:58,783 - INFO - [TOLL] car | Plate: HR26EG8855 | Fee: \u20b950
2025-08-24 01:38:58,864 - INFO - [TOLL] car | Plate: HR26EG8855 | Fee: \u20b950
2025-08-24 01:38:58,954 - INFO - [TOLL] car | Plate: #2seger 5 | Fee: \u20b950
2025-08-24 01:38:58,954 - INFO - [EMERGENCY] ambulance - Free Pass
2025-08-24 01:38:59,001 - INFO - [EMERGENCY] ambulance - Free Pass
2025-08-24 01:38:59,047 - INFO - [EMERGENCY] ambulance - Free Pass
2025-08-24 01:38:59,119 - INFO - [TOLL] car | Plate: UNKNOWN | Fee: \u20b950
2025-08-24 01:38:59,183 - INFO - [TOLL] car | Plate: UNKNOWN | Fee: \u20b950
2025-08-24 01:38:59,243 - INFO - [TOLL] car | Plate: UNKNOWN | Fee: \u20b950
2025-08-24 01:39:00,221 - INFO - [EMERGENCY] police - Free Pass
2025-08-24 01:39:00,270 - INFO - [EMERGENCY] police - Free Pass
2025-08-24 01:39:00,310 - INFO - [EMERGENCY] police - Free Pass
2025-08-24 01:39:00,359 - INFO - [EMERGENCY] police - Free Pass
2025-08-24 01:39:02,269 - INFO - [EMERGENCY] police - Free Pass
2025-08-24 01:39:02,303 - INFO - [EMERGENCY] police - Free Pass
2025-08-24 01:39:02,350 - INFO - [EMERGENCY] police - Free Pass
2025-08-24 01:39:02,438 - INFO - [TOLL] car | Plate: 0R767 68855 | Fee: \u20b950
2025-08-24 01:39:02,519 - INFO - [TOLL] car | Plate: 0R767 68855 | Fee: \u20b950
2025-08-24 01:39:02,556 - INFO - [EMERGENCY] ambulance - Free Pass
2025-08-24 01:39:02,588 - INFO - [EMERGENCY] ambulance - Free Pass
2025-08-24 01:39:02,618 - INFO - [EMERGENCY] ambulance - Free Pass
2025-08-24 01:39:02,650 - INFO - [EMERGENCY] ambulance - Free Pass
2025-08-24 01:39:03,719 - INFO - [TOLL] car | Plate: UNKNOWN | Fee: \u20b950
2025-08-24 01:39:03,781 - INFO - [TOLL] car | Plate: UNKNOWN | Fee: \u20b950
2025-08-24 01:39:04,082 - INFO - [EMERGENCY] ambulance - Free Pass
2025-08-24 01:39:04,129 - INFO - [EMERGENCY] ambulance - Free Pass
2025-08-24 01:39:04,176 - INFO - [EMERGENCY] ambulance - Free Pass
2025-08-24 01:39:04,222 - INFO - [EMERGENCY] ambulance - Free Pass
2025-08-24 01:39:04,270 - INFO - [EMERGENCY] ambulance - Free Pass
2025-08-24 01:39:04,348 - INFO - [TOLL] car | Plate: HKZGLGHASS | Fee: \u20b950
2025-08-24 01:39:04,427 - INFO - [TOLL] car | Plate: HR26Eg8855 | Fee: \u20b950
2025-08-24 01:39:04,507 - INFO - [TOLL] car | Plate: HR26Eg8855 | Fee: \u20b950
2025-08-24 01:39:04,592 - INFO - [TOLL] car | Plate: HR26EG8855 | Fee: \u20b950
2025-08-24 01:39:04,661 - INFO - [TOLL] car | Plate: HR2GFG8A55 | Fee: \u20b950
2025-08-24 01:39:04,748 - INFO - [TOLL] car | Plate: 028eg8853 | Fee: \u20b950
2025-08-24 01:39:04,825 - INFO - [TOLL] car | Plate: 028eg8853 | Fee: \u20b950
2025-08-24 01:39:04,894 - INFO - [TOLL] car | Plate: HR2GEG8855 | Fee: \u20b950
2025-08-24 01:39:04,966 - INFO - [TOLL] car | Plate: UNKNOWN | Fee: \u20b950
2025-08-24 01:39:04,966 - INFO - [EMERGENCY] ambulance - Free Pass
2025-08-24 01:39:05,040 - INFO - [TOLL] car | Plate: HR2GFG8855 | Fee: \u20b950
2025-08-24 01:39:05,112 - INFO - [TOLL] car | Plate: HR2GFGA855 | Fee: \u20b950
2025-08-24 01:39:05,190 - INFO - [TOLL] car | Plate: HR2GFGA855 | Fee: \u20b950
2025-08-24 01:39:05,267 - INFO - [TOLL] car | Plate: HR26EG8855 | Fee: \u20b950
2025-08-24 01:39:05,347 - INFO - [TOLL] car | Plate: HR?GE68855 | Fee: \u20b950
2025-08-24 01:39:05,429 - INFO - [TOLL] car | Plate: HR26EG8855 | Fee: \u20b950
2025-08-24 01:39:05,508 - INFO - [TOLL] car | Plate: HR26EG8855 | Fee: \u20b950
2025-08-24 01:39:05,596 - INFO - [TOLL] car | Plate: HR26EG8855 | Fee: \u20b950
2025-08-24 01:39:05,673 - INFO - [TOLL] car | Plate: HR26FG8855 | Fee: \u20b950
2025-08-24 01:39:05,754 - INFO - [TOLL] car | Plate: HR2GEG8855 | Fee: \u20b950
2025-08-24 01:39:05,831 - INFO - [TOLL] car | Plate: HR26EG8855 | Fee: \u20b950
2025-08-24 01:39:05,906 - INFO - [TOLL] car | Plate: HR26EG8855 | Fee: \u20b950
2025-08-24 01:39:05,985 - INFO - [TOLL] car | Plate: HR2GEG8855 | Fee: \u20b950
2025-08-24 01:39:06,077 - INFO - [TOLL] car | Plate: ikzigmms | Fee: \u20b950
2025-08-24 01:39:06,164 - INFO - [TOLL] car | Plate: HP2GFG8855 | Fee: \u20b950
2025-08-24 01:39:06,240 - INFO - [TOLL] car | Plate: HR26EG8855 | Fee: \u20b950
2025-08-24 01:39:06,321 - INFO - [TOLL] car | Plate: HR26EG8855 | Fee: \u20b950
2025-08-24 01:39:06,402 - INFO - [TOLL] car | Plate: HR26EG8855 | Fee: \u20b950
2025-08-24 01:39:06,498 - INFO - [TOLL] car | Plate: Hp7gi hry | Fee: \u20b950
2025-08-24 01:39:06,578 - INFO - [TOLL] car | Plate: HR26EG8855 | Fee: \u20b950
2025-08-24 01:39:06,669 - INFO - [TOLL] car | Plate: MR7GTG005' | Fee: \u20b950
2025-08-24 01:39:06,750 - INFO - [TOLL] car | Plate: HR26r68855 | Fee: \u20b950
2025-08-24 01:39:06,835 - INFO - [TOLL] car | Plate: HR26EG8855 | Fee: \u20b950
2025-08-24 01:39:06,910 - INFO - [TOLL] car | Plate: HR26EG8855 | Fee: \u20b950
2025-08-24 01:39:06,977 - INFO - [TOLL] car | Plate: UNKNOWN | Fee: \u20b950
2025-08-24 01:39:06,977 - INFO - [EMERGENCY] ambulance - Free Pass
2025-08-24 01:39:07,068 - INFO - [TOLL] car | Plate: H776e68355 | Fee: \u20b950
2025-08-24 01:39:07,068 - INFO - [EMERGENCY] ambulance - Free Pass
2025-08-24 01:39:07,142 - INFO - [TOLL] car | Plate: HR26EG8855 | Fee: \u20b950
2025-08-24 01:39:07,220 - INFO - [TOLL] car | Plate: HR26F68855 | Fee: \u20b950
2025-08-24 01:39:07,317 - INFO - [TOLL] car | Plate: HR26EG8855 | Fee: \u20b950
2025-08-24 01:39:07,388 - INFO - [TOLL] car | Plate: HR26EG8855 | Fee: \u20b950
2025-08-24 01:39:07,469 - INFO - [TOLL] car | Plate: HR26EG8855 | Fee: \u20b950
2025-08-24 01:39:07,546 - INFO - [TOLL] car | Plate: HR2GE68855 | Fee: \u20b950
2025-08-24 01:39:07,622 - INFO - [TOLL] car | Plate: HR26E68855 | Fee: \u20b950
2025-08-24 01:39:07,705 - INFO - [TOLL] car | Plate: HR26E68855 | Fee: \u20b950
2025-08-24 01:39:07,781 - INFO - [TOLL] car | Plate: 7726e68855 | Fee: \u20b950
2025-08-24 01:39:07,865 - INFO - [TOLL] car | Plate: 'Hr26egs8s5 | Fee: \u20b950
2025-08-24 01:40:42,135 - INFO - [TOLL] car | Plate: {267633= | Fee: \u20b950
2025-08-24 01:40:42,202 - INFO - [TOLL] car | Plate: UNKNOWN | Fee: \u20b950
2025-08-24 01:40:42,261 - INFO - [TOLL] car | Plate: UNKNOWN | Fee: \u20b950
2025-08-24 01:40:42,342 - INFO - [TOLL] car | Plate: HR26EG8855 | Fee: \u20b950
2025-08-24 01:40:42,402 - INFO - [TOLL] car | Plate: UNKNOWN | Fee: \u20b950
2025-08-24 01:40:42,465 - INFO - [TOLL] car | Plate: UNKNOWN | Fee: \u20b950
2025-08-24 01:40:42,534 - INFO - [TOLL] car | Plate: UNKNOWN | Fee: \u20b950
2025-08-24 01:40:42,534 - INFO - [EMERGENCY] ambulance - Free Pass
2025-08-24 01:40:42,619 - INFO - [TOLL] car | Plate: HR26EG8855 | Fee: \u20b950
2025-08-24 01:40:42,705 - INFO - [TOLL] car | Plate: HK |nrs | Fee: \u20b950
2025-08-24 01:40:42,803 - INFO - [TOLL] car | Plate: MKZ660AS' | Fee: \u20b950
2025-08-24 01:40:42,879 - INFO - [TOLL] car | Plate: HR26e68855 | Fee: \u20b950
2025-08-24 01:40:42,959 - INFO - [TOLL] car | Plate: HR26e68855 | Fee: \u20b950
2025-08-24 01:40:43,047 - INFO - [TOLL] car | Plate: 7726e60855 | Fee: \u20b950
2025-08-24 01:40:43,139 - INFO - [TOLL] car | Plate: -l | Fee: \u20b950
2025-08-24 01:40:43,224 - INFO - [TOLL] car | Plate: b | Fee: \u20b950
2025-08-24 01:40:43,306 - INFO - [TOLL] car | Plate: -eed | Fee: \u20b950
2025-08-24 01:40:43,387 - INFO - [TOLL] car | Plate: Gw | Fee: \u20b950
2025-08-24 01:40:43,466 - INFO - [TOLL] car | Plate: Gw | Fee: \u20b950
2025-08-24 01:40:43,547 - INFO - [TOLL] car | Plate: Hr26eg8855 | Fee: \u20b950
2025-08-24 01:40:43,635 - INFO - [TOLL] car | Plate: MA 7L 640S | Fee: \u20b950
2025-08-24 01:40:43,708 - INFO - [TOLL] car | Plate: 0226e88855 | Fee: \u20b950
2025-08-24 01:40:43,785 - INFO - [TOLL] car | Plate: HR26F 68855 | Fee: \u20b950
2025-08-24 01:40:43,863 - INFO - [TOLL] car | Plate: HR26F 68855 | Fee: \u20b950
2025-08-24 01:40:43,955 - INFO - [TOLL] car | Plate: HR?GF69N55 | Fee: \u20b950
2025-08-24 01:40:44,034 - INFO - [TOLL] car | Plate: HR?6EG8RS5 | Fee: \u20b950
2025-08-24 01:40:44,111 - INFO - [TOLL] car | Plate: HR?6FG80SS | Fee: \u20b950
2025-08-24 01:40:44,207 - INFO - [TOLL] car | Plate: MR /6 600So | Fee: \u20b950
2025-08-24 01:40:44,286 - INFO - [TOLL] car | Plate: HR26EC8855 | Fee: \u20b950
2025-08-24 01:40:44,359 - INFO - [TOLL] car | Plate: HR26EC8855 | Fee: \u20b950
2025-08-24 01:40:44,449 - INFO - [TOLL] car | Plate: HR?Geg0a55 | Fee: \u20b950
2025-08-24 01:40:44,519 - INFO - [TOLL] car | Plate: HR2GE68855 | Fee: \u20b950
2025-08-24 01:40:44,594 - INFO - [TOLL] car | Plate: HR26EG8855 | Fee: \u20b950
2025-08-24 01:40:44,680 - INFO - [TOLL] car | Plate: MA 660 | Fee: \u20b950
2025-08-24 01:40:44,790 - INFO - [TOLL] car | Plate: T | Fee: \u20b950
2025-08-24 01:40:44,862 - INFO - [TOLL] car | Plate: T | Fee: \u20b950
2025-08-24 01:40:44,940 - INFO - [TOLL] car | Plate: HR26EG8855 | Fee: \u20b950
2025-08-24 01:40:45,032 - INFO - [TOLL] car | Plate: HR26E68855 | Fee: \u20b950
2025-08-24 01:40:45,111 - INFO - [TOLL] car | Plate: HR26E68855 | Fee: \u20b950
2025-08-24 01:40:45,200 - INFO - [TOLL] car | Plate: 42ee08e55 | Fee: \u20b950
2025-08-24 01:40:45,279 - INFO - [TOLL] car | Plate: HR26FG8855 | Fee: \u20b950
2025-08-24 01:40:45,347 - INFO - [TOLL] car | Plate: HR26FG8855 | Fee: \u20b950
2025-08-24 01:40:45,426 - INFO - [TOLL] car | Plate: 'HR26EG8855 | Fee: \u20b950
2025-08-24 01:40:45,507 - INFO - [TOLL] car | Plate: HR2GF G8855 | Fee: \u20b950
2025-08-24 01:40:45,581 - INFO - [TOLL] car | Plate: HR2GF G8855 | Fee: \u20b950
2025-08-24 01:40:45,657 - INFO - [TOLL] car | Plate: HR2GEG8855 | Fee: \u20b950
2025-08-24 01:40:45,749 - INFO - [TOLL] car | Plate: HR26EG8855 | Fee: \u20b950
2025-08-24 01:40:45,844 - INFO - [TOLL] car | Plate: HR26FG8855 | Fee: \u20b950
2025-08-24 01:40:45,925 - INFO - [TOLL] car | Plate: HR2GF 60955 | Fee: \u20b950
2025-08-24 01:40:46,005 - INFO - [TOLL] car | Plate: 'HR2GEG8855 | Fee: \u20b950
2025-08-24 01:40:46,082 - INFO - [TOLL] car | Plate: 'Hp2Ge 68855 | Fee: \u20b950
2025-08-24 01:40:46,162 - INFO - [TOLL] car | Plate: 'Hp2Ge 68855 | Fee: \u20b950
2025-08-24 01:40:46,255 - INFO - [TOLL] car | Plate: 1+r26eg0855 | Fee: \u20b950
2025-08-24 01:40:46,337 - INFO - [TOLL] car | Plate: HR26EG8855 | Fee: \u20b950
2025-08-24 01:40:46,417 - INFO - [TOLL] car | Plate: zeedeess | Fee: \u20b950
2025-08-24 01:40:46,488 - INFO - [TOLL] car | Plate: 'Hr2geg8855 | Fee: \u20b950
2025-08-24 01:40:46,569 - INFO - [TOLL] car | Plate: 'Hr2geg8855 | Fee: \u20b950
2025-08-24 01:40:46,643 - INFO - [TOLL] car | Plate: HR2GEG8855 | Fee: \u20b950
2025-08-24 01:40:46,755 - INFO - [TOLL] car | Plate: HP26/g8855 | Fee: \u20b950
2025-08-24 01:40:46,834 - INFO - [TOLL] car | Plate: 'Hr26eG8855 | Fee: \u20b950
2025-08-24 01:40:46,916 - INFO - [TOLL] car | Plate: HR26eg8855 | Fee: \u20b950
2025-08-24 01:40:46,994 - INFO - [TOLL] car | Plate: MP7666mb' | Fee: \u20b950
2025-08-24 01:40:47,072 - INFO - [TOLL] car | Plate: MP7666mb' | Fee: \u20b950
2025-08-24 01:40:47,164 - INFO - [TOLL] car | Plate: 7a | Fee: \u20b950
2025-08-24 01:40:47,228 - INFO - [TOLL] car | Plate: UNKNOWN | Fee: \u20b950
2025-08-24 01:40:47,290 - INFO - [TOLL] car | Plate: UNKNOWN | Fee: \u20b950
2025-08-24 01:40:47,355 - INFO - [TOLL] car | Plate: UNKNOWN | Fee: \u20b950
2025-08-24 01:40:47,430 - INFO - [TOLL] car | Plate: MKZGGhAS | Fee: \u20b950
2025-08-24 01:40:47,508 - INFO - [TOLL] car | Plate: 7226e62858 | Fee: \u20b950
2025-08-24 01:40:47,583 - INFO - [TOLL] car | Plate: 7226e62858 | Fee: \u20b950
2025-08-24 01:40:47,655 - INFO - [TOLL] car | Plate: Hp26168855 | Fee: \u20b950
2025-08-24 01:40:47,736 - INFO - [TOLL] car | Plate: HR26E68855 | Fee: \u20b950
2025-08-24 01:40:47,812 - INFO - [TOLL] car | Plate: Hr26Eg8855 | Fee: \u20b950
2025-08-24 01:40:47,889 - INFO - [TOLL] car | Plate: Hr26Eg8855 | Fee: \u20b950
2025-08-24 01:40:47,968 - INFO - [TOLL] car | Plate: HR26Eg8855 | Fee: \u20b950
2025-08-24 01:40:47,982 - INFO - [TOLL] car | Plate: 'HR26EC8855 | Fee: \u20b950
2025-08-24 01:40:48,063 - INFO - [TOLL] car | Plate: Hp26eg8855 | Fee: \u20b950
2025-08-24 01:40:48,140 - INFO - [TOLL] car | Plate: 'HR26E68855 | Fee: \u20b950
2025-08-24 01:40:48,218 - INFO - [TOLL] car | Plate: HR26E68855 | Fee: \u20b950
2025-08-24 01:40:48,295 - INFO - [TOLL] car | Plate: HR26E68855 | Fee: \u20b950
2025-08-24 01:40:48,380 - INFO - [TOLL] car | Plate: HR26EG8855 | Fee: \u20b950
2025-08-24 01:40:48,452 - INFO - [TOLL] car | Plate: HR26EG8855 | Fee: \u20b950
2025-08-24 01:40:48,496 - INFO - [EMERGENCY] ambulance - Free Pass
2025-08-24 01:40:48,540 - INFO - [TOLL] car | Plate: JHa;6e66855 | Fee: \u20b950
2025-08-24 01:40:48,619 - INFO - [TOLL] car | Plate: HRz6E69e55 | Fee: \u20b950
2025-08-24 01:40:48,948 - INFO - [TOLL] car | Plate: MKzGfG06ss | Fee: \u20b950
2025-08-24 01:40:49,024 - INFO - [TOLL] car | Plate: HR26EG9855 | Fee: \u20b950
2025-08-24 01:40:49,104 - INFO - [TOLL] car | Plate: MR2GE60055 | Fee: \u20b950
2025-08-24 01:40:49,187 - INFO - [TOLL] car | Plate: 4726e68855 | Fee: \u20b950
2025-08-24 01:40:49,281 - INFO - [TOLL] car | Plate: HR2GEG8855 | Fee: \u20b950
2025-08-24 01:40:49,361 - INFO - [TOLL] car | Plate: HR2GEG8855 | Fee: \u20b950
2025-08-24 01:40:49,439 - INFO - [TOLL] car | Plate: HR26Eg8855 | Fee: \u20b950
2025-08-24 01:40:49,523 - INFO - [TOLL] car | Plate: HR26Eg8855 | Fee: \u20b950
2025-08-24 01:40:49,594 - INFO - [TOLL] car | Plate: HRZGEGB855 | Fee: \u20b950
2025-08-24 01:40:49,672 - INFO - [TOLL] car | Plate: HRZGEGB855 | Fee: \u20b950
2025-08-24 01:40:49,750 - INFO - [TOLL] car | Plate: HR2GEG8855 | Fee: \u20b950
2025-08-24 01:40:49,837 - INFO - [TOLL] car | Plate: HR26FG8855 | Fee: \u20b950
2025-08-24 01:40:49,904 - INFO - [TOLL] car | Plate: Hpzgeg8a5s | Fee: \u20b950
2025-08-24 01:40:49,984 - INFO - [TOLL] car | Plate: HRZGF68855 | Fee: \u20b950
2025-08-24 01:40:50,063 - INFO - [TOLL] car | Plate: HRZGF68855 | Fee: \u20b950
2025-08-24 01:40:50,149 - INFO - [TOLL] car | Plate: HR26EG8855 | Fee: \u20b950
2025-08-24 01:40:50,231 - INFO - [TOLL] car | Plate: Ks26ssh | Fee: \u20b950
2025-08-24 01:40:50,299 - INFO - [TOLL] car | Plate: HR26Eg8855 | Fee: \u20b950
2025-08-24 01:40:50,374 - INFO - [TOLL] car | Plate: HR26Eg8855 | Fee: \u20b950
2025-08-24 01:40:50,456 - INFO - [TOLL] car | Plate: HRZGEGHAS' | Fee: \u20b950
2025-08-24 01:40:50,536 - INFO - [TOLL] car | Plate: HR26FG8855 | Fee: \u20b950
2025-08-24 01:40:50,621 - INFO - [TOLL] car | Plate: HR26EG8855 | Fee: \u20b950
2025-08-24 01:40:50,690 - INFO - [TOLL] car | Plate: HR26EG8855 | Fee: \u20b950
2025-08-24 01:40:50,770 - INFO - [TOLL] car | Plate: 7r26eg8855 | Fee: \u20b950
2025-08-24 01:40:50,858 - INFO - [TOLL] car | Plate: Maeeessn | Fee: \u20b950
2025-08-24 01:40:50,936 - INFO - [TOLL] car | Plate: Hk?6/600SS | Fee: \u20b950
2025-08-24 01:40:51,019 - INFO - [TOLL] car | Plate: Mn u0ms | Fee: \u20b950
2025-08-24 01:40:51,097 - INFO - [TOLL] car | Plate: HR26EG8855 | Fee: \u20b950
2025-08-24 01:40:51,182 - INFO - [TOLL] car | Plate: HR26EG8855 | Fee: \u20b950
2025-08-24 01:40:51,254 - INFO - [TOLL] car | Plate: HR26EG8855 | Fee: \u20b950
2025-08-24 01:40:51,342 - INFO - [TOLL] car | Plate: Va 6cnr | Fee: \u20b950
2025-08-24 01:40:51,413 - INFO - [TOLL] car | Plate: HR26Eg8855 | Fee: \u20b950
2025-08-24 01:40:51,502 - INFO - [TOLL] car | Plate: 7r26eg3855 | Fee: \u20b950
2025-08-24 01:40:51,590 - INFO - [TOLL] car | Plate: 7r26eg3855 | Fee: \u20b950
2025-08-24 01:40:51,662 - INFO - [TOLL] car | Plate: HR26Eg8855 | Fee: \u20b950
2025-08-24 01:40:51,739 - INFO - [TOLL] car | Plate: HR26Fg88556 | Fee: \u20b950
2025-08-24 01:40:51,765 - INFO - [TOLL] car | Plate: UNKNOWN | Fee: \u20b950
2025-08-24 01:40:51,847 - INFO - [TOLL] car | Plate: Hpgfga855 | Fee: \u20b950
2025-08-24 01:40:51,936 - INFO - [TOLL] car | Plate: Hpgfga855 | Fee: \u20b950
2025-08-24 01:40:51,983 - INFO - [EMERGENCY] ambulance - Free Pass
2025-08-24 01:40:52,031 - INFO - [EMERGENCY] ambulance - Free Pass
2025-08-24 01:40:52,124 - INFO - [TOLL] car | Plate: MY/ 68 | Fee: \u20b950
2025-08-24 01:40:52,125 - INFO - [EMERGENCY] ambulance - Free Pass
2025-08-24 01:40:52,211 - INFO - [TOLL] car | Plate: M7ggn | Fee: \u20b950
2025-08-24 01:40:52,212 - INFO - [EMERGENCY] ambulance - Free Pass
2025-08-24 01:40:52,290 - INFO - [TOLL] car | Plate: M7ggn | Fee: \u20b950
2025-08-24 01:40:52,290 - INFO - [EMERGENCY] ambulance - Free Pass
2025-08-24 01:40:52,369 - INFO - [TOLL] car | Plate: M7ggn | Fee: \u20b950
2025-08-24 01:40:52,369 - INFO - [EMERGENCY] ambulance - Free Pass
2025-08-24 01:40:52,406 - INFO - [EMERGENCY] ambulance - Free Pass
2025-08-24 01:40:52,448 - INFO - [EMERGENCY] ambulance - Free Pass
2025-08-24 01:40:52,530 - INFO - [TOLL] car | Plate: MR7GE60855 | Fee: \u20b950
2025-08-24 01:40:52,601 - INFO - [TOLL] car | Plate: UNKNOWN | Fee: \u20b950
2025-08-24 01:40:52,665 - INFO - [TOLL] car | Plate: UNKNOWN | Fee: \u20b950
2025-08-24 01:40:52,728 - INFO - [TOLL] car | Plate: UNKNOWN | Fee: \u20b950
2025-08-24 01:40:52,800 - INFO - [TOLL] car | Plate: HR26E68855 | Fee: \u20b950
2025-08-24 01:40:52,875 - INFO - [TOLL] car | Plate: HR26E68855 | Fee: \u20b950
2025-08-24 01:40:52,959 - INFO - [TOLL] car | Plate: U/6| 6hA , | Fee: \u20b950
2025-08-24 01:40:53,024 - INFO - [TOLL] car | Plate: UNKNOWN | Fee: \u20b950
2025-08-24 01:40:58,061 - INFO - [EMERGENCY] ambulance - Free Pass
2025-08-24 01:40:58,102 - INFO - [EMERGENCY] ambulance - Free Pass
2025-08-24 01:40:58,136 - INFO - [EMERGENCY] ambulance - Free Pass
2025-08-24 01:40:59,427 - INFO - [TOLL] bike | Plate: UNKNOWN | Fee: \u20b920
2025-08-24 01:40:59,531 - INFO - [TOLL] bike | Plate: UNKNOWN | Fee: \u20b920
2025-08-24 01:40:59,934 - INFO - [TOLL] car | Plate: Hp26egbbss | Fee: \u20b950
2025-08-24 01:41:01,336 - INFO - [TOLL] car | Plate: HR26EG8855 | Fee: \u20b950
2025-08-24 01:41:01,375 - INFO - [EMERGENCY] ambulance - Free Pass
2025-08-24 01:41:01,423 - INFO - [EMERGENCY] ambulance - Free Pass
2025-08-24 01:41:01,470 - INFO - [EMERGENCY] ambulance - Free Pass
2025-08-24 01:41:01,516 - INFO - [EMERGENCY] ambulance - Free Pass
2025-08-24 01:41:01,547 - INFO - [EMERGENCY] ambulance - Free Pass
2025-08-24 01:41:01,580 - INFO - [EMERGENCY] ambulance - Free Pass
2025-08-24 01:41:01,612 - INFO - [EMERGENCY] ambulance - Free Pass
2025-08-24 01:41:01,727 - INFO - [TOLL] car | Plate: HR 6h68a | Fee: \u20b950
2025-08-24 01:41:01,938 - INFO - [TOLL] car | Plate: 40764ghb55 | Fee: \u20b950
2025-08-24 01:41:01,976 - INFO - [EMERGENCY] ambulance - Free Pass
2025-08-24 01:41:02,022 - INFO - [EMERGENCY] ambulance - Free Pass
2025-08-24 01:41:02,069 - INFO - [EMERGENCY] police - Free Pass
2025-08-24 01:41:02,069 - INFO - [EMERGENCY] ambulance - Free Pass
2025-08-24 01:41:02,099 - INFO - [EMERGENCY] police - Free Pass
2025-08-24 01:41:02,100 - INFO - [EMERGENCY] ambulance - Free Pass
2025-08-24 01:41:02,132 - INFO - [EMERGENCY] police - Free Pass
2025-08-24 01:41:02,133 - INFO - [EMERGENCY] ambulance - Free Pass
2025-08-24 01:41:02,179 - INFO - [EMERGENCY] police - Free Pass
2025-08-24 01:41:02,225 - INFO - [EMERGENCY] police - Free Pass
2025-08-24 01:41:02,297 - INFO - [TOLL] car | Plate: UNKNOWN | Fee: \u20b950
2025-08-24 01:41:02,298 - INFO - [EMERGENCY] ambulance - Free Pass
2025-08-24 01:41:02,510 - INFO - [TOLL] van | Plate: Hr26eg8855 | Fee: \u20b950
2025-08-24 01:41:02,587 - INFO - [TOLL] van | Plate: Hr26eg8855 | Fee: \u20b950
2025-08-24 01:41:02,629 - INFO - [EMERGENCY] ambulance - Free Pass
2025-08-24 01:41:02,711 - INFO - [TOLL] car | Plate: HR2GE 60855 | Fee: \u20b950
2025-08-24 01:41:02,790 - INFO - [TOLL] car | Plate: HR2GE 60855 | Fee: \u20b950
2025-08-24 01:41:02,872 - INFO - [TOLL] car | Plate: HR26E68855 | Fee: \u20b950
2025-08-24 01:41:02,919 - INFO - [TOLL] van | Plate: HR2GE68855 | Fee: \u20b950
2025-08-24 01:41:02,991 - INFO - [TOLL] car | Plate: HR26E68855 | Fee: \u20b950
2025-08-24 01:41:03,069 - INFO - [TOLL] car | Plate: HR26EG8855 | Fee: \u20b950
2025-08-24 01:41:03,152 - INFO - [TOLL] car | Plate: HR26E68855 | Fee: \u20b950
2025-08-24 01:41:03,225 - INFO - [TOLL] car | Plate: HR26EG8855 | Fee: \u20b950
2025-08-24 01:41:03,273 - INFO - [TOLL] van | Plate: HR2GEG8855 | Fee: \u20b950
2025-08-24 01:41:03,354 - INFO - [TOLL] van | Plate: HR2GEG8855 | Fee: \u20b950
2025-08-24 01:41:03,390 - INFO - [TOLL] car | Plate: HR26EG8855 | Fee: \u20b950
2025-08-24 01:41:03,472 - INFO - [TOLL] car | Plate: Hr26eg8855 | Fee: \u20b950
2025-08-24 01:41:03,554 - INFO - [TOLL] car | Plate: HR26Eg8855 | Fee: \u20b950
2025-08-24 01:41:03,595 - INFO - [TOLL] van | Plate: HR26Eg8855 | Fee: \u20b950
2025-08-24 01:41:03,627 - INFO - [EMERGENCY] ambulance - Free Pass
2025-08-24 01:41:03,675 - INFO - [EMERGENCY] ambulance - Free Pass
2025-08-24 01:41:03,756 - INFO - [TOLL] car | Plate: HR26EG8855' | Fee: \u20b950
2025-08-24 01:41:03,797 - INFO - [TOLL] van | Plate: HR26EG8855/ | Fee: \u20b950
2025-08-24 01:41:03,884 - INFO - [TOLL] van | Plate: HR26EG88557 | Fee: \u20b950
2025-08-24 01:41:03,934 - INFO - [TOLL] car | Plate: HR26EG88557 | Fee: \u20b950
2025-08-24 01:41:04,008 - INFO - [TOLL] van | Plate: HR26Eg88551 | Fee: \u20b950
2025-08-24 01:41:04,050 - INFO - [TOLL] car | Plate: HR26E68855 | Fee: \u20b950
2025-08-24 01:41:04,130 - INFO - [TOLL] van | Plate: HR26EG88557 | Fee: \u20b950
2025-08-24 01:41:04,170 - INFO - [TOLL] car | Plate: HR26EG8855 | Fee: \u20b950
2025-08-24 01:41:04,239 - INFO - [TOLL] van | Plate: HR26EG88557 | Fee: \u20b950
2025-08-24 01:41:04,316 - INFO - [TOLL] van | Plate: HR26EG8855 | Fee: \u20b950
2025-08-24 01:41:04,368 - INFO - [TOLL] car | Plate: HR26EG8855 | Fee: \u20b950
2025-08-24 01:41:04,447 - INFO - [TOLL] van | Plate: HR26Eg8855 | Fee: \u20b950
2025-08-24 01:41:04,522 - INFO - [TOLL] van | Plate: HR26EG8855 | Fee: \u20b950
2025-08-24 01:41:04,599 - INFO - [TOLL] van | Plate: HR26EG8855 | Fee: \u20b950
2025-08-24 01:41:04,677 - INFO - [TOLL] van | Plate: HR26E688551 | Fee: \u20b950
2025-08-24 01:41:04,714 - INFO - [TOLL] car | Plate: HR26E68855/ | Fee: \u20b950
2025-08-24 01:41:04,803 - INFO - [TOLL] car | Plate: 4226eg8855 | Fee: \u20b950
2025-08-24 01:41:04,844 - INFO - [EMERGENCY] ambulance - Free Pass
2025-08-24 01:41:04,890 - INFO - [EMERGENCY] ambulance - Free Pass
2025-08-24 01:41:04,938 - INFO - [EMERGENCY] ambulance - Free Pass
2025-08-24 01:41:05,018 - INFO - [TOLL] van | Plate: HR26E60055 | Fee: \u20b950
2025-08-24 01:41:05,100 - INFO - [TOLL] van | Plate: HR2GE68855 | Fee: \u20b950
2025-08-24 01:41:05,190 - INFO - [TOLL] van | Plate: HR2GE68855 | Fee: \u20b950
2025-08-24 01:41:05,274 - INFO - [TOLL] van | Plate: HR2GE68855 | Fee: \u20b950
2025-08-24 01:41:05,345 - INFO - [TOLL] van | Plate: HR26E68855 | Fee: \u20b950
2025-08-24 01:41:05,429 - INFO - [TOLL] van | Plate: HR2GE68855 | Fee: \u20b950
2025-08-24 01:41:05,503 - INFO - [TOLL] van | Plate: HR2GE68855 | Fee: \u20b950
2025-08-24 01:41:05,583 - INFO - [TOLL] van | Plate: HR2GE68855 | Fee: \u20b950
2025-08-24 01:41:05,623 - INFO - [EMERGENCY] ambulance - Free Pass
2025-08-24 01:41:05,669 - INFO - [EMERGENCY] ambulance - Free Pass
2025-08-24 01:41:05,700 - INFO - [EMERGENCY] ambulance - Free Pass
2025-08-24 01:41:05,732 - INFO - [EMERGENCY] ambulance - Free Pass
2025-08-24 01:41:05,814 - INFO - [TOLL] car | Plate: HR26E 68855 | Fee: \u20b950
2025-08-24 01:41:05,902 - INFO - [TOLL] car | Plate: HR2GEG8855 | Fee: \u20b950
2025-08-24 01:41:05,983 - INFO - [TOLL] car | Plate: HR2GEG8855 | Fee: \u20b950
2025-08-24 01:41:06,070 - INFO - [TOLL] car | Plate: HR26EG8855 | Fee: \u20b950
2025-08-24 01:41:06,145 - INFO - [TOLL] car | Plate: HR26EG8855 | Fee: \u20b950
2025-08-24 01:41:06,220 - INFO - [TOLL] car | Plate: HR2GEG8855 | Fee: \u20b950
2025-08-24 01:41:06,299 - INFO - [TOLL] car | Plate: HR2GEG8855 | Fee: \u20b950
2025-08-24 01:41:06,380 - INFO - [TOLL] car | Plate: HR26FG8855 | Fee: \u20b950
2025-08-24 01:41:06,457 - INFO - [TOLL] car | Plate: HR26EG8855 | Fee: \u20b950
2025-08-24 01:41:06,503 - INFO - [TOLL] van | Plate: HR26EG8855 | Fee: \u20b950
2025-08-24 01:41:06,583 - INFO - [TOLL] car | Plate: HR2GE68855 | Fee: \u20b950
2025-08-24 01:41:06,656 - INFO - [TOLL] car | Plate: HR2GEG8855 | Fee: \u20b950
2025-08-24 01:41:06,694 - INFO - [TOLL] van | Plate: HR26EG88557 | Fee: \u20b950
2025-08-24 01:41:06,767 - INFO - [TOLL] car | Plate: HR26EG8855  | Fee: \u20b950
2025-08-24 01:41:06,813 - INFO - [TOLL] van | Plate: HR26E68855 | Fee: \u20b950
2025-08-24 01:41:06,891 - INFO - [TOLL] van | Plate: HR2GE68855 | Fee: \u20b950
2025-08-24 01:41:06,929 - INFO - [TOLL] car | Plate: HR26EG8855 | Fee: \u20b950
2025-08-24 01:41:07,004 - INFO - [TOLL] car | Plate: HR26EG88557 | Fee: \u20b950
2025-08-24 01:41:07,046 - INFO - [TOLL] van | Plate: HR2GEG8855 | Fee: \u20b950
2025-08-24 01:41:07,125 - INFO - [TOLL] van | Plate: HR2GE68855 | Fee: \u20b950
2025-08-24 01:41:07,161 - INFO - [TOLL] car | Plate: HR2GEG8855 | Fee: \u20b950
2025-08-24 01:41:07,233 - INFO - [TOLL] van | Plate: HR26EG88551 | Fee: \u20b950
2025-08-24 01:41:07,271 - INFO - [TOLL] car | Plate: HR26EG8855 | Fee: \u20b950
2025-08-24 01:41:07,349 - INFO - [TOLL] car | Plate: HR26EG88551 | Fee: \u20b950
2025-08-24 01:41:07,389 - INFO - [TOLL] van | Plate: HR26EG8855 | Fee: \u20b950
2025-08-24 01:41:07,471 - INFO - [TOLL] car | Plate: HR2GEG8855 | Fee: \u20b950
2025-08-24 01:41:07,551 - INFO - [TOLL] car | Plate: HR26EG8855 | Fee: \u20b950
2025-08-24 01:41:07,626 - INFO - [TOLL] car | Plate: HR26E68855 | Fee: \u20b950
2025-08-24 01:41:07,702 - INFO - [TOLL] car | Plate: HR26E68855 | Fee: \u20b950
2025-08-24 01:41:07,781 - INFO - [TOLL] car | Plate: HR26EG8855 | Fee: \u20b950
2025-08-24 01:41:07,860 - INFO - [TOLL] car | Plate: HR26EG8855 | Fee: \u20b950
2025-08-24 01:41:07,896 - INFO - [TOLL] van | Plate: HR26EG8855 | Fee: \u20b950
2025-08-24 01:41:07,970 - INFO - [TOLL] car | Plate: HR26EG8855 | Fee: \u20b950
2025-08-24 01:41:08,008 - INFO - [TOLL] van | Plate: HR26E68855 | Fee: \u20b950
2025-08-24 01:41:08,082 - INFO - [TOLL] van | Plate: HR26EG8855 | Fee: \u20b950
2025-08-24 01:41:08,129 - INFO - [TOLL] car | Plate: HR26E688551 | Fee: \u20b950
2025-08-24 01:41:08,206 - INFO - [TOLL] car | Plate: HR2GEG8855 | Fee: \u20b950
2025-08-24 01:41:08,285 - INFO - [TOLL] car | Plate: HR2GEG8855 | Fee: \u20b950
2025-08-24 01:41:08,323 - INFO - [TOLL] van | Plate: HRZGEG8855 | Fee: \u20b950
2025-08-24 01:41:08,392 - INFO - [TOLL] car | Plate: HR26EG8855 | Fee: \u20b950
2025-08-24 01:41:08,430 - INFO - [TOLL] van | Plate: HR26EG8855} | Fee: \u20b950
2025-08-24 01:41:08,502 - INFO - [TOLL] car | Plate: HR2GEG9855 | Fee: \u20b950
2025-08-24 01:41:08,540 - INFO - [TOLL] van | Plate: HR2GEG8855 | Fee: \u20b950
2025-08-24 01:41:08,609 - INFO - [TOLL] car | Plate: HR26EG8855 | Fee: \u20b950
2025-08-24 01:41:08,655 - INFO - [TOLL] van | Plate: HR2GEG8855 | Fee: \u20b950
2025-08-24 01:41:08,736 - INFO - [TOLL] car | Plate: HR26E68855 | Fee: \u20b950
2025-08-24 01:41:08,816 - INFO - [TOLL] car | Plate: HR26EG8855 | Fee: \u20b950
2025-08-24 01:41:08,890 - INFO - [TOLL] car | Plate: HR26EG8855 | Fee: \u20b950
2025-08-24 01:41:08,969 - INFO - [TOLL] car | Plate: HR2GEG8855 | Fee: \u20b950
2025-08-24 01:41:09,046 - INFO - [TOLL] car | Plate: HR26EG8855 | Fee: \u20b950
2025-08-24 01:41:09,132 - INFO - [TOLL] car | Plate: HR2GEG8855 | Fee: \u20b950
2025-08-24 01:41:09,204 - INFO - [TOLL] car | Plate: HR2GEG8855 | Fee: \u20b950
2025-08-24 01:41:09,283 - INFO - [TOLL] car | Plate: HR2GEG8855 | Fee: \u20b950
2025-08-24 01:41:09,320 - INFO - [TOLL] van | Plate: HR2GEG8855 | Fee: \u20b950
2025-08-24 01:41:09,393 - INFO - [TOLL] car | Plate: HR26EG8855 | Fee: \u20b950
2025-08-24 01:41:09,472 - INFO - [TOLL] car | Plate: HR2GE68855 | Fee: \u20b950
2025-08-24 01:41:09,548 - INFO - [TOLL] car | Plate: HR2GE68855 | Fee: \u20b950
2025-08-24 01:41:09,632 - INFO - [TOLL] van | Plate: HR2GEG8855 | Fee: \u20b950
2025-08-24 01:41:09,668 - INFO - [TOLL] car | Plate: HR2GEG8855 | Fee: \u20b950
2025-08-24 01:41:09,737 - INFO - [TOLL] car | Plate: HR2GE68855 | Fee: \u20b950
2025-08-24 01:41:09,786 - INFO - [TOLL] van | Plate: HR26E68855 | Fee: \u20b950
2025-08-24 01:41:09,863 - INFO - [TOLL] van | Plate: HR26EG8855 | Fee: \u20b950
2025-08-24 01:41:09,941 - INFO - [TOLL] car | Plate: HR2GE68855 | Fee: \u20b950
2025-08-24 01:41:10,018 - INFO - [TOLL] van | Plate: HR2GE68855 | Fee: \u20b950
2025-08-24 01:41:10,057 - INFO - [TOLL] car | Plate: HR26EG8855 | Fee: \u20b950
2025-08-24 01:41:10,129 - INFO - [TOLL] car | Plate: HR2GE68855 | Fee: \u20b950
2025-08-24 01:41:10,166 - INFO - [TOLL] van | Plate: HR26EG8855 | Fee: \u20b950
2025-08-24 01:41:10,239 - INFO - [TOLL] car | Plate: HR2GEG8855 | Fee: \u20b950
2025-08-24 01:41:10,320 - INFO - [TOLL] car | Plate: HR2GEG8855 | Fee: \u20b950
2025-08-24 01:41:10,401 - INFO - [TOLL] car | Plate: HR2GEG8855 | Fee: \u20b950
2025-08-24 01:41:10,476 - INFO - [TOLL] van | Plate: HR26EG8855/ | Fee: \u20b950
2025-08-24 01:41:10,556 - INFO - [TOLL] car | Plate: HR26EG8855 | Fee: \u20b950
2025-08-24 01:41:10,634 - INFO - [TOLL] car | Plate: HR26EG8855 | Fee: \u20b950
2025-08-24 01:41:10,718 - INFO - [TOLL] car | Plate: HR26EG8855 | Fee: \u20b950
2025-08-24 01:41:10,800 - INFO - [TOLL] car | Plate: HR26EG8855 | Fee: \u20b950
2025-08-24 01:41:10,883 - INFO - [TOLL] car | Plate: HR26E68855 | Fee: \u20b950
2025-08-24 01:41:10,958 - INFO - [TOLL] car | Plate: HR26E68855 | Fee: \u20b950
2025-08-24 01:41:11,039 - INFO - [TOLL] car | Plate: HR26EG8855  | Fee: \u20b950
2025-08-24 01:41:11,115 - INFO - [TOLL] car | Plate: HR26EG8855  | Fee: \u20b950
2025-08-24 01:41:11,201 - INFO - [TOLL] car | Plate: HR26EG88552 | Fee: \u20b950
2025-08-24 01:41:11,273 - INFO - [TOLL] car | Plate: HR26EG8855 | Fee: \u20b950
2025-08-24 01:41:11,353 - INFO - [TOLL] car | Plate: HR26EG8855 | Fee: \u20b950
2025-08-24 01:41:11,392 - INFO - [TOLL] van | Plate: HRZ6EG8855 | Fee: \u20b950
2025-08-24 01:41:11,461 - INFO - [TOLL] car | Plate: HR26E68855 | Fee: \u20b950
2025-08-24 01:41:11,541 - INFO - [TOLL] car | Plate: HR26EG8855 | Fee: \u20b950
2025-08-24 01:41:11,618 - INFO - [TOLL] car | Plate: HR26EG8855  | Fee: \u20b950
2025-08-24 01:41:11,698 - INFO - [TOLL] car | Plate: HR26EG8855  | Fee: \u20b950
2025-08-24 01:41:11,773 - INFO - [TOLL] car | Plate: HR26EG8855 | Fee: \u20b950
2025-08-24 01:41:11,851 - INFO - [TOLL] car | Plate: HR26EG88552 | Fee: \u20b950
2025-08-24 01:41:11,930 - INFO - [TOLL] car | Plate: HR26EG8855 | Fee: \u20b950
2025-08-24 01:41:12,009 - INFO - [TOLL] car | Plate: HR26EG8855 | Fee: \u20b950
2025-08-24 01:41:12,087 - INFO - [TOLL] car | Plate: HR26EG8855 | Fee: \u20b950
2025-08-24 01:41:12,171 - INFO - [TOLL] car | Plate: HR26EG88557 | Fee: \u20b950
2025-08-24 01:41:12,244 - INFO - [TOLL] car | Plate: HR26E68355 | Fee: \u20b950
2025-08-24 01:41:12,321 - INFO - [TOLL] car | Plate: HR26E68355 | Fee: \u20b950
2025-08-24 01:41:12,401 - INFO - [TOLL] car | Plate: Hr26eg8855 | Fee: \u20b950
2025-08-24 01:41:12,477 - INFO - [TOLL] van | Plate: HR26Eg8855 | Fee: \u20b950
2025-08-24 01:41:12,567 - INFO - [TOLL] car | Plate: HRz6eg8e55 | Fee: \u20b950
2025-08-24 01:41:12,650 - INFO - [TOLL] car | Plate: HR2GEG8855 | Fee: \u20b950
2025-08-24 01:41:12,725 - INFO - [TOLL] van | Plate: HR26E68855 | Fee: \u20b950
2025-08-24 01:41:12,781 - INFO - [EMERGENCY] ambulance - Free Pass
2025-08-24 01:41:12,815 - INFO - [EMERGENCY] ambulance - Free Pass
2025-08-24 01:41:12,846 - INFO - [EMERGENCY] ambulance - Free Pass
2025-08-24 01:41:12,892 - INFO - [EMERGENCY] ambulance - Free Pass
2025-08-24 01:53:04,980 - INFO - [TOLL] car | Plate: TWV76TG0ny | Fee: \u20b950
2025-08-24 01:53:05,028 - INFO - [EMERGENCY] ambulance - Free Pass
2025-08-24 01:53:05,076 - INFO - [EMERGENCY] ambulance - Free Pass
2025-08-24 01:53:05,443 - INFO - [TOLL] car | Plate: Hr26eg8855. | Fee: \u20b950
2025-08-24 01:53:05,486 - INFO - [TOLL] van | Plate: Hr26e68855 | Fee: \u20b950
2025-08-24 01:53:05,778 - INFO - [TOLL] car | Plate: Vut (Ahnlat | Fee: \u20b950
2025-08-24 01:53:05,923 - INFO - [TOLL] car | Plate: HR26EG8855 | Fee: \u20b950
2025-08-24 01:53:06,050 - INFO - [TOLL] car | Plate: 76e5] | Fee: \u20b950
2025-08-24 01:53:06,136 - INFO - [TOLL] car | Plate: 76e5] | Fee: \u20b950
2025-08-24 01:53:06,225 - INFO - [TOLL] car | Plate: Kaleegeess | Fee: \u20b950
2025-08-24 01:53:06,305 - INFO - [TOLL] car | Plate: 'HR26E68855 | Fee: \u20b950
2025-08-24 01:53:06,421 - INFO - [TOLL] car | Plate: UNKNOWN | Fee: \u20b950
2025-08-24 01:53:06,486 - INFO - [EMERGENCY] ambulance - Free Pass
2025-08-24 01:53:06,521 - INFO - [EMERGENCY] ambulance - Free Pass
2025-08-24 01:53:06,567 - INFO - [EMERGENCY] ambulance - Free Pass
2025-08-24 01:53:06,614 - INFO - [EMERGENCY] ambulance - Free Pass
2025-08-24 01:53:06,660 - INFO - [EMERGENCY] ambulance - Free Pass
2025-08-24 01:53:06,751 - INFO - [TOLL] car | Plate: HR2GE68855 | Fee: \u20b950
2025-08-24 01:53:06,751 - INFO - [EMERGENCY] ambulance - Free Pass
2025-08-24 01:53:06,825 - INFO - [TOLL] car | Plate: 'Hr28eg8855 | Fee: \u20b950
2025-08-24 01:53:06,898 - INFO - [TOLL] car | Plate: 'Hr28eg8855 | Fee: \u20b950
2025-08-24 01:53:06,942 - INFO - [EMERGENCY] ambulance - Free Pass
2025-08-24 01:53:06,993 - INFO - [TOLL] car | Plate: MRZGFG00sy | Fee: \u20b950
2025-08-24 01:53:07,006 - INFO - [TOLL] car | Plate: MRZGFG00ss | Fee: \u20b950
2025-08-24 01:53:07,096 - INFO - [TOLL] car | Plate: 'Hp2gfg8b55 | Fee: \u20b950
2025-08-24 01:53:07,167 - INFO - [TOLL] car | Plate: HR26E68855 | Fee: \u20b950
2025-08-24 01:53:07,251 - INFO - [TOLL] car | Plate: 2zn | Fee: \u20b950
2025-08-24 01:53:07,318 - INFO - [TOLL] car | Plate: 'HR26EG8855 | Fee: \u20b950
2025-08-24 01:53:07,396 - INFO - [TOLL] car | Plate: 'HR26EG8855 | Fee: \u20b950
2025-08-24 01:53:07,479 - INFO - [TOLL] car | Plate: HR26F68855 | Fee: \u20b950
2025-08-24 01:53:07,556 - INFO - [TOLL] car | Plate: HR26EG8855 | Fee: \u20b950
2025-08-24 01:53:07,630 - INFO - [TOLL] car | Plate: HR26EG8855 | Fee: \u20b950
2025-08-24 01:53:07,709 - INFO - [TOLL] car | Plate: HR26EG8855 | Fee: \u20b950
2025-08-24 01:53:07,785 - INFO - [TOLL] car | Plate: 'HR26E68855 | Fee: \u20b950
2025-08-24 01:53:07,866 - INFO - [TOLL] car | Plate: 'HR26E68855 | Fee: \u20b950
2025-08-24 01:53:07,949 - INFO - [TOLL] car | Plate: 'HR2GEG8855 | Fee: \u20b950
2025-08-24 01:53:08,026 - INFO - [TOLL] car | Plate: HR26F60055 | Fee: \u20b950
2025-08-24 01:53:08,026 - INFO - [EMERGENCY] ambulance - Free Pass
2025-08-24 01:53:08,101 - INFO - [TOLL] car | Plate: HR26F60055 | Fee: \u20b950
2025-08-24 01:53:08,101 - INFO - [EMERGENCY] ambulance - Free Pass
2025-08-24 01:53:08,178 - INFO - [TOLL] car | Plate: 'HR26E68855 | Fee: \u20b950
2025-08-24 01:53:08,266 - INFO - [TOLL] car | Plate: "HR26E68855 | Fee: \u20b950
2025-08-24 01:53:08,339 - INFO - [TOLL] car | Plate: HR26EG8855 | Fee: \u20b950
2025-08-24 01:53:08,412 - INFO - [TOLL] car | Plate: HR26EG8855 | Fee: \u20b950
2025-08-24 01:53:08,492 - INFO - [TOLL] car | Plate: HR2GFG8855 | Fee: \u20b950
2025-08-24 01:53:08,578 - INFO - [TOLL] car | Plate: HR2GEG8855 | Fee: \u20b950
2025-08-24 01:53:08,655 - INFO - [TOLL] car | Plate: Hr26eg8855 | Fee: \u20b950
2025-08-24 01:53:08,730 - INFO - [TOLL] car | Plate: ~e | Fee: \u20b950
2025-08-24 01:53:08,809 - INFO - [TOLL] car | Plate: ~e | Fee: \u20b950
2025-08-24 01:53:08,881 - INFO - [TOLL] car | Plate: "#R26E68855 | Fee: \u20b950
2025-08-24 01:53:08,960 - INFO - [TOLL] car | Plate: HR26Eg8855 | Fee: \u20b950
2025-08-24 01:53:09,036 - INFO - [TOLL] car | Plate: HR26E68855 | Fee: \u20b950
2025-08-24 01:53:09,112 - INFO - [TOLL] car | Plate: HR26EG8855 | Fee: \u20b950
2025-08-24 01:53:09,238 - INFO - [TOLL] car | Plate: 'HR26EG8855 | Fee: \u20b950
2025-08-24 01:53:09,328 - INFO - [TOLL] car | Plate: 'HR26EG8855 | Fee: \u20b950
2025-08-24 01:53:09,377 - INFO - [EMERGENCY] ambulance - Free Pass
2025-08-24 01:53:09,421 - INFO - [EMERGENCY] ambulance - Free Pass
2025-08-24 01:53:09,452 - INFO - [TOLL] car | Plate: UNKNOWN | Fee: \u20b950
2025-08-24 01:53:09,501 - INFO - [EMERGENCY] ambulance - Free Pass
2025-08-24 01:53:09,546 - INFO - [EMERGENCY] ambulance - Free Pass
2025-08-24 01:53:09,592 - INFO - [EMERGENCY] ambulance - Free Pass
2025-08-24 01:53:09,641 - INFO - [EMERGENCY] ambulance - Free Pass
2025-08-24 01:53:09,685 - INFO - [EMERGENCY] ambulance - Free Pass
2025-08-24 01:53:09,730 - INFO - [EMERGENCY] ambulance - Free Pass
2025-08-24 01:53:09,758 - INFO - [TOLL] car | Plate: UNKNOWN | Fee: \u20b950
2025-08-24 01:53:09,795 - INFO - [EMERGENCY] ambulance - Free Pass
2025-08-24 01:53:09,821 - INFO - [TOLL] car | Plate: UNKNOWN | Fee: \u20b950
2025-08-24 01:53:09,858 - INFO - [EMERGENCY] ambulance - Free Pass
2025-08-24 01:53:09,885 - INFO - [TOLL] car | Plate: UNKNOWN | Fee: \u20b950
2025-08-24 01:53:09,919 - INFO - [EMERGENCY] ambulance - Free Pass
2025-08-24 01:53:09,947 - INFO - [TOLL] car | Plate: UNKNOWN | Fee: \u20b950
2025-08-24 01:53:10,017 - INFO - [TOLL] car | Plate: 'Hr26eg8855 | Fee: \u20b950
2025-08-24 01:53:10,116 - INFO - [TOLL] car | Plate: UNKNOWN | Fee: \u20b950
